#
# A fatal error has been detected by the Java Runtime Environment:
#
#  SIGSEGV (0xb) at pc=0x0000000000000000, pid=5406, tid=60951
#
# JRE version: Java(TM) SE Runtime Environment (8.0_60-b27) (build 1.8.0_60-b27)
# Java VM: Java HotSpot(TM) 64-Bit Server VM (25.60-b23 mixed mode bsd-amd64 compressed oops)
# Problematic frame:
# C  0x0000000000000000
#
# Failed to write core dump. Core dumps have been disabled. To enable core dumping, try "ulimit -c unlimited" before starting Java again
#
# If you would like to submit a bug report, please visit:
#   http://bugreport.java.com/bugreport/crash.jsp
#

---------------  T H R E A D  ---------------

Current thread is native thread

siginfo: si_signo: 11 (SIGSEGV), si_code: 1 (SEGV_MAPERR), si_addr: 0x0000000000000000

Registers:
RAX=0x000000011f175508, RBX=0x00000000000161b0, RCX=0x0000000000000010, RDX=0xfffffffffffffff0
RSP=0x000000011f4f49f8, RBP=0x000000011f4f4aa0, RSI=0x0000000000000000, RDI=0x00007fb06d08fa00
R8 =0x0000000000000200, R9 =0x00007fb06bccfe80, R10=0x000000011f1a7908, R11=0x00000000000b3890
R12=0x0000000000000200, R13=0x00007fb06d08fa00, R14=0x00007fb06bc1c5f0, R15=0x0000000000000800
RIP=0x0000000000000000, EFLAGS=0x0000000000010246, ERR=0x0000000000000014
  TRAPNO=0x000000000000000e

Top of Stack: (sp=0x000000011f4f49f8)
0x000000011f4f49f8:   000000011f147639 0000000000000000
0x000000011f4f4a08:   0000000000000000 00007fb06d097bb0
0x000000011f4f4a18:   000000011f4f9010 00007fb06d095bb0
0x000000011f4f4a28:   0000020000000000 0000000000000000
0x000000011f4f4a38:   0000000000000800 0000000000000200
0x000000011f4f4a48:   00007fb06d093bb0 00007fb06d08fa00
0x000000011f4f4a58:   0000020000000000 00007fb06bc1c5f8
0x000000011f4f4a68:   000000000000037f 5d006d04794fa635
0x000000011f4f4a78:   00007fb06bf1f4b8 0000000000000200
0x000000011f4f4a88:   00007fb06bf1f440 00007fb06bc1c5f0
0x000000011f4f4a98:   00007fb06bccfe80 000000011f4f4ab0
0x000000011f4f4aa8:   000000011f1572ef 000000011f4f4b20
0x000000011f4f4ab8:   000000011f1a48f5 0000000000000000
0x000000011f4f4ac8:   00007fb06d8bd7f8 00007fb06bf1f4b8
0x000000011f4f4ad8:   00007fb06d8bd600 000000011f4f4c80
0x000000011f4f4ae8:   000000011f4f4c78 0000020000000000
0x000000011f4f4af8:   000000011f4f4c78 00007fb06d8bd600
0x000000011f4f4b08:   00007fb06bf1f6d0 00007fb06bd79ac0
0x000000011f4f4b18:   0000000000000200 000000011f4f4b70
0x000000011f4f4b28:   000000011f1a1f1e 000000011f4f4ba4
0x000000011f4f4b38:   000000011f4f4c80 000000006d8bd834
0x000000011f4f4b48:   000000011f4f4c78 00007fb06d8bd600
0x000000011f4f4b58:   00007fb06bd79ac0 0000000000000200
0x000000011f4f4b68:   00007fb06bd79ac0 000000011f4f4be0
0x000000011f4f4b78:   000000011f1a060d 00007fb06bd79ac0
0x000000011f4f4b88:   00007fb06bf1f6d0 000000011f4f4c78
0x000000011f4f4b98:   00001fa06d8bd600 000000011f4f4c80
0x000000011f4f4ba8:   0000000000000000 00009fe000000000
0x000000011f4f4bb8:   00007fb06bd79ac0 00007fb06bd73e80
0x000000011f4f4bc8:   00007fb06d8bd600 00007fb06d8bd8e8
0x000000011f4f4bd8:   00007fb06bd79ac0 000000011f4f4cf0
0x000000011f4f4be8:   000000011f1a8131 ffffffffffffffff 

Instructions: (pc=0x0000000000000000)
0xffffffffffffffe0:   

Register to memory mapping:

RAX=0x000000011f175508: PlaybackBackend+0x20 in /var/folders/tj/2l2wv_y96zb7d49lwn3dv0qh0000gn/T/libgdxKenny/f7649394/openal.dylib at 0x000000011f12c000
RBX=0x00000000000161b0 is an unknown value
RCX=0x0000000000000010 is an unknown value
RDX=0xfffffffffffffff0 is an unknown value
RSP=0x000000011f4f49f8 is an unknown value
RBP=0x000000011f4f4aa0 is an unknown value
RSI=0x0000000000000000 is an unknown value
RDI=0x00007fb06d08fa00 is an unknown value
R8 =0x0000000000000200 is an unknown value
R9 =0x00007fb06bccfe80 is an unknown value
R10=